*********
Username to create: MMF_9_5

Path of datafile location: C:\Users\Xiaomi\oracle\oradata\ORCL\

Calling create_tablespace.sql for data tablespace
*********
MMF_9_5_DATA
C:\Users\Xiaomi\oracle\oradata\ORCL\MMF_9_5_DATA.dbf
old   1: CREATE TABLESPACE  &&DATA_TBS_NAME
new   1: CREATE TABLESPACE  MMF_9_5_DATA
old   3:         '&&DATA_FILENAME' SIZE 10M AUTOEXTEND ON NEXT 10M MAXSIZE 10G
new   3:         'C:\Users\Xiaomi\oracle\oradata\ORCL\MMF_9_5_DATA.dbf' SIZE 10M AUTOEXTEND ON NEXT 10M MAXSIZE 10G

Tablespace created.

Elapsed: 00:00:00.10
old   1: CREATE TABLESPACE "&&INDEX_NAME"
new   1: CREATE TABLESPACE "MMF_9_5_IDX"
old   3:         '&&INDEX_FILENAME' SIZE 10M AUTOEXTEND ON NEXT 10M MAXSIZE 10G
new   3:         'C:\Users\Xiaomi\oracle\oradata\ORCL\MMF_9_5_IDX.DBF' SIZE 10M AUTOEXTEND ON NEXT 10M MAXSIZE 10G

Tablespace created.

Elapsed: 00:00:00.08

*********
Calling create_user.sql
*********

Session altered.

Elapsed: 00:00:00.00
old   1: CREATE USER &&USER_NAME
new   1: CREATE USER MMF_9_5
old   3:   DEFAULT TABLESPACE &&DEFAULT_TBS
new   3:   DEFAULT TABLESPACE MMF_9_5_DATA
old   5:     QUOTA 20M on &&DEFAULT_TBS
new   5:     QUOTA 20M on MMF_9_5_DATA

User created.

Elapsed: 00:00:00.03
*********
Calling grant.sql for MMF_9_5
*********
old   1: GRANT CREATE PROCEDURE TO &&SCHEMA_NAME
new   1: GRANT CREATE PROCEDURE TO MMF_9_5

Grant succeeded.

Elapsed: 00:00:00.00
old   1: GRANT CREATE SEQUENCE TO &&SCHEMA_NAME
new   1: GRANT CREATE SEQUENCE TO MMF_9_5

Grant succeeded.

Elapsed: 00:00:00.00
old   1: GRANT CREATE TABLE TO &&SCHEMA_NAME
new   1: GRANT CREATE TABLE TO MMF_9_5

Grant succeeded.

Elapsed: 00:00:00.00
old   1: GRANT CREATE TYPE TO &&SCHEMA_NAME
new   1: GRANT CREATE TYPE TO MMF_9_5

Grant succeeded.

Elapsed: 00:00:00.00
old   1: GRANT CREATE TRIGGER TO &&SCHEMA_NAME
new   1: GRANT CREATE TRIGGER TO MMF_9_5

Grant succeeded.

Elapsed: 00:00:00.00
old   1: GRANT CREATE SYNONYM TO &&SCHEMA_NAME
new   1: GRANT CREATE SYNONYM TO MMF_9_5

Grant succeeded.

Elapsed: 00:00:00.00
old   1: GRANT CREATE SESSION TO &&SCHEMA_NAME
new   1: GRANT CREATE SESSION TO MMF_9_5

Grant succeeded.

Elapsed: 00:00:00.00
old   1: GRANT CREATE ANY DIRECTORY TO &&SCHEMA_NAME
new   1: GRANT CREATE ANY DIRECTORY TO MMF_9_5

Grant succeeded.

Elapsed: 00:00:00.00
old   1: GRANT UNLIMITED TABLESPACE TO &&SCHEMA_NAME
new   1: GRANT UNLIMITED TABLESPACE TO MMF_9_5

Grant succeeded.

Elapsed: 00:00:00.00
old   1: GRANT CREATE VIEW TO &&SCHEMA_NAME
new   1: GRANT CREATE VIEW TO MMF_9_5

Grant succeeded.

Elapsed: 00:00:00.00
