Username calling to drop_user: MMF_9_5


Session altered.

Elapsed: 00:00:00.00
old   1: DROP USER "&&USER_NAME" CASCADE
new   1: DROP USER "MMF_9_5" CASCADE

User dropped.

Elapsed: 00:00:00.22
Username caling to drop_tablspace: 'MMF_9_5_DATA'

old   1: DROP TABLESPACE "&&TABLESPACE_NAME"
new   1: DROP TABLESPACE "MMF_9_5_DATA"
DROP TABLESPACE "MMF_9_5_DATA"
*
ERROR at line 1:
ORA-00959: tablespace 'MMF_9_5_DATA' does not exist 


Elapsed: 00:00:00.01
old   1: DROP TABLESPACE "&&INDEX_NAME"
new   1: DROP TABLESPACE "MMF_9_5_IDX"
DROP TABLESPACE "MMF_9_5_IDX"
*
ERROR at line 1:
ORA-00959: tablespace 'MMF_9_5_IDX' does not exist 


Elapsed: 00:00:00.00
